<?xml version="1.0" encoding="UTF-8"?>
<coverage generated="1713209722313" clover="3.2.0">
  <project timestamp="1713209722313" name="All files">
    <metrics statements="10" coveredstatements="8" conditionals="4" coveredconditionals="4" methods="5" coveredmethods="3" elements="19" coveredelements="15" complexity="0" loc="10" ncloc="10" packages="1" files="1" classes="1"/>
    <file name="OperacionesMatematicas.js" path="C:\Users\caamañogustavo\Desktop\SingletonOperaciones\OperacionesMatematicas.js">
      <metrics statements="10" coveredstatements="8" conditionals="4" coveredconditionals="4" methods="5" coveredmethods="3"/>
      <line num="5" count="3" type="cond" truecount="2" falsecount="0"/>
      <line num="6" count="1" type="stmt"/>
      <line num="9" count="3" type="stmt"/>
      <line num="13" count="1" type="stmt"/>
      <line num="17" count="0" type="stmt"/>
      <line num="21" count="0" type="stmt"/>
      <line num="25" count="2" type="cond" truecount="2" falsecount="0"/>
      <line num="26" count="1" type="stmt"/>
      <line num="29" count="1" type="stmt"/>
      <line num="33" count="1" type="stmt"/>
    </file>
  </project>
</coverage>
